<?xml version="1.0" encoding="UTF-8"?>
<!-- Generated by org.testng.reporters.JUnitReportReporter -->
<testsuite hostname="Jayakumari-PC" name="springmvc.model.dao.CommitteeDaoTest" tests="1" failures="0" timestamp="17 Jul 2015 02:33:52 GMT" time="0.501" errors="0">
  <testcase name="getReviewer" time="0.501" classname="springmvc.model.dao.CommitteeDaoTest"/>
</testsuite> <!-- springmvc.model.dao.CommitteeDaoTest -->
