<?xml version="1.0" encoding="UTF-8"?>
<!-- Generated by org.testng.reporters.JUnitReportReporter -->
<testsuite hostname="Jayakumari-PC" name="springmvc.model.dao.CSJobsDaoTest" tests="3" failures="0" timestamp="16 Jul 2015 23:43:53 GMT" time="0.637" errors="0">
  <testcase name="getApplicant" time="0.395" classname="springmvc.model.dao.CSJobsDaoTest"/>
  <testcase name="getJobs" time="0.193" classname="springmvc.model.dao.CSJobsDaoTest"/>
  <testcase name="getcommitee" time="0.049" classname="springmvc.model.dao.CSJobsDaoTest"/>
</testsuite> <!-- springmvc.model.dao.CSJobsDaoTest -->
