<?xml version="1.0" encoding="UTF-8"?>
<!-- Generated by org.testng.reporters.JUnitReportReporter -->
<testsuite hostname="Jayakumari-PC" name="springmvc.model.dao.JobDaoTest" tests="1" failures="0" timestamp="16 Jul 2015 23:47:54 GMT" time="0.492" errors="0">
  <testcase name="getJobs" time="0.492" classname="springmvc.model.dao.JobDaoTest"/>
</testsuite> <!-- springmvc.model.dao.JobDaoTest -->
