<?xml version="1.0" encoding="UTF-8"?>
<!-- Generated by org.testng.reporters.JUnitReportReporter -->
<testsuite hostname="Jayakumari-PC" name="springmvc.model.dao.ApplicationDaoTest" tests="1" failures="0" timestamp="17 Jul 2015 02:24:43 GMT" time="0.581" errors="0">
  <testcase name="getApplicant" time="0.581" classname="springmvc.model.dao.ApplicationDaoTest"/>
</testsuite> <!-- springmvc.model.dao.ApplicationDaoTest -->
